<?xml version="1.0" encoding="UTF-8"?>
<!-- Generated by org.testng.reporters.JUnitReportReporter -->
<testsuite hostname="Albaans-MacBook-Pro.local" failures="0" tests="1" name="testLogin.Login1" time="19.646" errors="0" timestamp="2021-03-16T13:53:37 CET" skipped="0">
  <testcase classname="testLogin.Login1" name="t_01_validate_login_zero_app" time="19.646"/>
  <system-out/>
</testsuite> <!-- testLogin.Login1 -->
